# JRE version: OpenJDK Runtime Environment Microsoft-8035246 (17.0.8+7) (build 17.0.8+7-LTS)
# Java VM: OpenJDK 64-Bit Server VM Microsoft-8035246 (17.0.8+7-LTS, mixed mode, sharing, tiered, compressed oops, compressed class ptrs, g1 gc, windows-amd64)
GC Precious Log:
 CPUs: 8 total, 8 available
 Memory: 8029M
 Large Page Support: Disabled
 NUMA Support: Disabled
 Compressed Oops: Enabled (32-bit)
 Heap Region Size: 1M
 Heap Min Capacity: 8M
 Heap Initial Capacity: 126M
 Heap Max Capacity: 2G
 Pre-touch: Disabled
 Parallel Workers: 8
 Concurrent Workers: 2
 Concurrent Refinement Workers: 8
 Periodic GC: Disabled
Heap:
 garbage-first heap   total 423936K, used 346248K [0x0000000080000000, 0x0000000100000000)
  region size 1024K, 100 young (102400K), 7 survivors (7168K)
 Metaspace       used 109855K, committed 111616K, reserved 557056K
  class space    used 15367K, committed 16192K, reserved 425984K
GC Heap History (20 events):
Event: 23.862 GC heap before
{Heap before GC invocations=42 (full 0):
 garbage-first heap   total 321536K, used 192463K [0x0000000080000000, 0x0000000100000000)
  region size 1024K, 15 young (15360K), 5 survivors (5120K)
 Metaspace       used 99826K, committed 101184K, reserved 557056K
  class space    used 14075K, committed 14720K, reserved 425984K
}
Event: 23.867 GC heap after
{Heap after GC invocations=43 (full 0):
 garbage-first heap   total 321536K, used 183117K [0x0000000080000000, 0x0000000100000000)
  region size 1024K, 2 young (2048K), 2 survivors (2048K)
 Metaspace       used 99826K, committed 101184K, reserved 557056K
  class space    used 14075K, committed 14720K, reserved 425984K
}
Event: 24.411 GC heap before
{Heap before GC invocations=43 (full 0):
 garbage-first heap   total 321536K, used 254797K [0x0000000080000000, 0x0000000100000000)
  region size 1024K, 72 young (73728K), 2 survivors (2048K)
 Metaspace       used 100425K, committed 101824K, reserved 557056K
  class space    used 14141K, committed 14784K, reserved 425984K
}
Event: 24.422 GC heap after
{Heap after GC invocations=44 (full 0):
 garbage-first heap   total 321536K, used 199277K [0x0000000080000000, 0x0000000100000000)
  region size 1024K, 9 young (9216K), 9 survivors (9216K)
 Metaspace       used 100425K, committed 101824K, reserved 557056K
  class space    used 14141K, committed 14784K, reserved 425984K
}
Event: 24.909 GC heap before
{Heap before GC invocations=44 (full 0):
 garbage-first heap   total 321536K, used 257645K [0x0000000080000000, 0x0000000100000000)
  region size 1024K, 65 young (66560K), 9 survivors (9216K)
 Metaspace       used 101925K, committed 103360K, reserved 557056K
  class space    used 14346K, committed 14976K, reserved 425984K
}
Event: 24.917 GC heap after
{Heap after GC invocations=45 (full 0):
 garbage-first heap   total 321536K, used 210439K [0x0000000080000000, 0x0000000100000000)
  region size 1024K, 8 young (8192K), 8 survivors (8192K)
 Metaspace       used 101925K, committed 103360K, reserved 557056K
  class space    used 14346K, committed 14976K, reserved 425984K
}
Event: 25.339 GC heap before
{Heap before GC invocations=45 (full 0):
 garbage-first heap   total 321536K, used 260615K [0x0000000080000000, 0x0000000100000000)
  region size 1024K, 57 young (58368K), 8 survivors (8192K)
 Metaspace       used 105562K, committed 107008K, reserved 557056K
  class space    used 14860K, committed 15552K, reserved 425984K
}
Event: 25.348 GC heap after
{Heap after GC invocations=46 (full 0):
 garbage-first heap   total 321536K, used 214165K [0x0000000080000000, 0x0000000100000000)
  region size 1024K, 4 young (4096K), 4 survivors (4096K)
 Metaspace       used 105562K, committed 107008K, reserved 557056K
  class space    used 14860K, committed 15552K, reserved 425984K
}
Event: 25.852 GC heap before
{Heap before GC invocations=46 (full 0):
 garbage-first heap   total 321536K, used 264341K [0x0000000080000000, 0x0000000100000000)
  region size 1024K, 53 young (54272K), 4 survivors (4096K)
 Metaspace       used 106951K, committed 108480K, reserved 557056K
  class space    used 15019K, committed 15744K, reserved 425984K
}
Event: 25.864 GC heap after
{Heap after GC invocations=47 (full 0):
 garbage-first heap   total 321536K, used 222833K [0x0000000080000000, 0x0000000100000000)
  region size 1024K, 7 young (7168K), 7 survivors (7168K)
 Metaspace       used 106951K, committed 108480K, reserved 557056K
  class space    used 15019K, committed 15744K, reserved 425984K
}
Event: 26.222 GC heap before
{Heap before GC invocations=47 (full 0):
 garbage-first heap   total 321536K, used 265841K [0x0000000080000000, 0x0000000100000000)
  region size 1024K, 49 young (50176K), 7 survivors (7168K)
 Metaspace       used 108165K, committed 109760K, reserved 557056K
  class space    used 15184K, committed 15936K, reserved 425984K
}
Event: 26.231 GC heap after
{Heap after GC invocations=48 (full 0):
 garbage-first heap   total 321536K, used 229214K [0x0000000080000000, 0x0000000100000000)
  region size 1024K, 6 young (6144K), 6 survivors (6144K)
 Metaspace       used 108165K, committed 109760K, reserved 557056K
  class space    used 15184K, committed 15936K, reserved 425984K
}
Event: 26.498 GC heap before
{Heap before GC invocations=48 (full 0):
 garbage-first heap   total 321536K, used 269150K [0x0000000080000000, 0x0000000100000000)
  region size 1024K, 45 young (46080K), 6 survivors (6144K)
 Metaspace       used 108450K, committed 110016K, reserved 557056K
  class space    used 15196K, committed 15936K, reserved 425984K
}
Event: 26.505 GC heap after
{Heap after GC invocations=49 (full 0):
 garbage-first heap   total 321536K, used 232929K [0x0000000080000000, 0x0000000100000000)
  region size 1024K, 4 young (4096K), 4 survivors (4096K)
 Metaspace       used 108450K, committed 110016K, reserved 557056K
  class space    used 15196K, committed 15936K, reserved 425984K
}
Event: 26.739 GC heap before
{Heap before GC invocations=49 (full 0):
 garbage-first heap   total 321536K, used 271841K [0x0000000080000000, 0x0000000100000000)
  region size 1024K, 42 young (43008K), 4 survivors (4096K)
 Metaspace       used 108554K, committed 110144K, reserved 557056K
  class space    used 15197K, committed 15936K, reserved 425984K
}
Event: 26.745 GC heap after
{Heap after GC invocations=50 (full 0):
 garbage-first heap   total 423936K, used 236522K [0x0000000080000000, 0x0000000100000000)
  region size 1024K, 4 young (4096K), 4 survivors (4096K)
 Metaspace       used 108554K, committed 110144K, reserved 557056K
  class space    used 15197K, committed 15936K, reserved 425984K
}
Event: 27.403 GC heap before
{Heap before GC invocations=50 (full 0):
 garbage-first heap   total 423936K, used 348138K [0x0000000080000000, 0x0000000100000000)
  region size 1024K, 113 young (115712K), 4 survivors (4096K)
 Metaspace       used 109513K, committed 111232K, reserved 557056K
  class space    used 15329K, committed 16128K, reserved 425984K
}
Event: 27.416 GC heap after
{Heap after GC invocations=51 (full 0):
 garbage-first heap   total 423936K, used 247321K [0x0000000080000000, 0x0000000100000000)
  region size 1024K, 15 young (15360K), 15 survivors (15360K)
 Metaspace       used 109513K, committed 111232K, reserved 557056K
  class space    used 15329K, committed 16128K, reserved 425984K
}
Event: 27.995 GC heap before
{Heap before GC invocations=51 (full 0):
 garbage-first heap   total 423936K, used 348697K [0x0000000080000000, 0x0000000100000000)
  region size 1024K, 115 young (117760K), 15 survivors (15360K)
 Metaspace       used 109849K, committed 111616K, reserved 557056K
  class space    used 15367K, committed 16192K, reserved 425984K
}
Event: 28.006 GC heap after
{Heap after GC invocations=52 (full 0):
 garbage-first heap   total 423936K, used 253064K [0x0000000080000000, 0x0000000100000000)
  region size 1024K, 7 young (7168K), 7 survivors (7168K)
 Metaspace       used 109849K, committed 111616K, reserved 557056K
  class space    used 15367K, committed 16192K, reserved 425984K
}

